<?xml version="1.0" encoding="UTF-8"?>
<testng-results ignored="0" total="2" passed="2" failed="0" skipped="0">
  <reporter-output>
  </reporter-output>
  <suite started-at="2022-06-02T08:20:17 IST" name="Default suite" finished-at="2022-06-02T08:20:25 IST" duration-ms="7932">
    <groups>
    </groups>
    <test started-at="2022-06-02T08:20:17 IST" name="Default test" finished-at="2022-06-02T08:20:25 IST" duration-ms="7932">
      <class name="common.Common">
        <test-method signature="launchBrowser()[pri:0, instance:common.Common@41fecb8b]" started-at="2022-06-02T08:20:17 IST" name="launchBrowser" finished-at="2022-06-02T08:20:25 IST" duration-ms="7584" status="PASS">
          <reporter-output>
          </reporter-output>
        </test-method> <!-- launchBrowser -->
        <test-method signature="login()[pri:0, instance:common.Common@41fecb8b]" started-at="2022-06-02T08:20:25 IST" name="login" finished-at="2022-06-02T08:20:25 IST" duration-ms="311" status="PASS">
          <reporter-output>
          </reporter-output>
        </test-method> <!-- login -->
      </class> <!-- common.Common -->
    </test> <!-- Default test -->
  </suite> <!-- Default suite -->
</testng-results>
